PS C:\> npm -v
5.6.0
PS C:\> npm install -g firebase-tools
npm WARN deprecated node-uuid@1.4.8: Use uuid module instead
C:\Users\Marcin\AppData\Roaming\npm\firebase -> C:\Users\Marcin\AppData\Roaming\npm\node_modules\firebase-tools\bin\firebase

> grpc@1.4.1 install C:\Users\Marcin\AppData\Roaming\npm\node_modules\firebase-tools\node_modules\grpc
> node-pre-gyp install --fallback-to-build --library=static_library

node-pre-gyp ERR! Tried to download(undefined): https://storage.googleapis.com/grpc-precompiled-binaries/node/grpc/v1.4.1/node-v57-win32-x64.tar.gz
node-pre-gyp ERR! Pre-built binaries not found for grpc@1.4.1 and node@8.9.4 (node-v57 ABI) (falling back to source compile with node-gyp)
gyp ERR! configure error
gyp ERR! stack Error: Can't find Python executable "python", you can set the PYTHON env variable.
gyp ERR! stack     at PythonFinder.failNoPython (C:\Program Files (x86)\nodejs\node_modules\npm\node_modules\node-gyp\lib\configure.js:483:19)
gyp ERR! stack     at PythonFinder.<anonymous> (C:\Program Files (x86)\nodejs\node_modules\npm\node_modules\node-gyp\lib\configure.js:508:16)
gyp ERR! stack     at C:\Program Files (x86)\nodejs\node_modules\npm\node_modules\graceful-fs\polyfills.js:284:29
gyp ERR! stack     at FSReqWrap.oncomplete (fs.js:152:21)
gyp ERR! System Windows_NT 10.0.16299
gyp ERR! command "C:\\Program Files (x86)\\nodejs\\node.exe" "C:\\Program Files (x86)\\nodejs\\node_modules\\npm\\node_modules\\node-gyp\\bin\\node-gyp.js" "configure" "--fallback-to-build" "--library=static_library" "--module=C:\\Users\\Marcin\\AppData\\Roaming\\npm\\node_modules\\firebase-tools\\node_modules\\grpc\\src\\node\\extension_binary\\grpc_node.node" "--module_name=grpc_node" "--module_path=C:\\Users\\Marcin\\AppData\\Roaming\\npm\\node_modules\\firebase-tools\\node_modules\\grpc\\src\\node\\extension_binary"
gyp ERR! cwd C:\Users\Marcin\AppData\Roaming\npm\node_modules\firebase-tools\node_modules\grpc
gyp ERR! node -v v8.9.4
gyp ERR! node-gyp -v v3.6.2
gyp ERR! not ok
node-pre-gyp ERR! build error
node-pre-gyp ERR! stack Error: Failed to execute 'C:\Program Files (x86)\nodejs\node.exe C:\Program Files (x86)\nodejs\node_modules\npm\node_modules\node-gyp\bin\node-gyp.js configure --fallback-to-build --library=static_library --module=C:\Users\Marcin\AppData\Roaming\npm\node_modules\firebase-tools\node_modules\grpc\src\node\extension_binary\grpc_node.node --module_name=grpc_node --module_path=C:\Users\Marcin\AppData\Roaming\npm\node_modules\firebase-tools\node_modules\grpc\src\node\extension_binary' (1)
node-pre-gyp ERR! stack     at ChildProcess.<anonymous> (C:\Users\Marcin\AppData\Roaming\npm\node_modules\firebase-tools\node_modules\grpc\node_modules\node-pre-gyp\lib\util\compile.js:83:29)
node-pre-gyp ERR! stack     at emitTwo (events.js:126:13)
node-pre-gyp ERR! stack     at ChildProcess.emit (events.js:214:7)
node-pre-gyp ERR! stack     at maybeClose (internal/child_process.js:925:16)
node-pre-gyp ERR! stack     at Process.ChildProcess._handle.onexit (internal/child_process.js:209:5)
node-pre-gyp ERR! System Windows_NT 10.0.16299
node-pre-gyp ERR! command "C:\\Program Files (x86)\\nodejs\\node.exe" "C:\\Users\\Marcin\\AppData\\Roaming\\npm\\node_modules\\firebase-tools\\node_modules\\grpc\\node_modules\\node-pre-gyp\\bin\\node-pre-gyp" "install" "--fallback-to-build" "--library=static_library"
node-pre-gyp ERR! cwd C:\Users\Marcin\AppData\Roaming\npm\node_modules\firebase-tools\node_modules\grpc
node-pre-gyp ERR! node -v v8.9.4
node-pre-gyp ERR! node-pre-gyp -v v0.6.36
node-pre-gyp ERR! not ok
Failed to execute 'C:\Program Files (x86)\nodejs\node.exe C:\Program Files (x86)\nodejs\node_modules\npm\node_modules\node-gyp\bin\node-gyp.js configure --fallback-to-build --library=static_library --module=C:\Users\Marcin\AppData\Roaming\npm\node_modules\firebase-tools\node_modules\grpc\src\node\extension_binary\grpc_node.node --module_name=grpc_node --module_path=C:\Users\Marcin\AppData\Roaming\npm\node_modules\firebase-tools\node_modules\grpc\src\node\extension_binary' (1)
npm WARN optional SKIPPING OPTIONAL DEPENDENCY: grpc@1.4.1 (node_modules\firebase-tools\node_modules\grpc):
npm WARN optional SKIPPING OPTIONAL DEPENDENCY: grpc@1.4.1 install: `node-pre-gyp install --fallback-to-build --library=static_library`
npm WARN optional SKIPPING OPTIONAL DEPENDENCY: Exit status 1

+ firebase-tools@3.17.4
added 8 packages and updated 1 package in 47.196s

-----------------------------------------------------------------------------------------------------------------------
wedle OverStack:
ABY ZAINSTALOWAÆ FIREBASE NALE¯Y WCZEŒNIEJ ZAINSTALWOAC NASTÊPUJ¥CE PAKIETY:

If you're using Windows you can now install all node-gyp dependencies with single command (NOTE: Run As Admin in Windows PowerShell):

 $ npm install --global --production windows-build-tools

and then install the package

 $ npm install --global node-gyp
 
-----------------------------------------------------------------------------------------------------------------------
i potem:

ling source file ..\third_party\boringssl\crypto\bio\pair.c)
..\third_party\boringssl\crypto\bio\hexdump.c(72): error C2061: syntax error: identifier 'b' [C:\Users\Marcin\AppData\R
oaming\npm\node_modules\firebase-tools\node_modules\grpc\build\boringssl.vcxproj]
..\third_party\boringssl\crypto\bio\bio.c(284): error C2143: syntax error: missing ')' before 'constant' [C:\Users\Marc
in\AppData\Roaming\npm\node_modules\firebase-tools\node_modules\grpc\build\boringssl.vcxproj]
C:\Users\Marcin\AppData\Roaming\npm\node_modules\firebase-tools\node_modules\grpc\third_party\boringssl\include\openssl
/mem.h(96): warning C4028: formal parameter 1 different from declaration (compiling source file ..\third_party\boringss
l\crypto\bio\file.c) [C:\Users\Marcin\AppData\Roaming\npm\node_modules\firebase-tools\node_modules\grpc\build\boringssl
.vcxproj]
C:\Users\Marcin\AppData\Roaming\npm\node_modules\firebase-tools\node_modules\grpc\third_party\boringssl\include\openssl
/base.h(155): warning C4005: 'OPENSSL_EXPORT': macro redefinition (compiling source file ..\third_party\boringssl\crypt
o\bio\pair.c) [C:\Users\Marcin\AppData\Roaming\npm\node_modules\firebase-tools\node_modules\grpc\build\boringssl.vcxpro
j]
  C:\Users\Marcin\.node-gyp\8.9.4\include\node\openssl/e_os2.h(276): note: see previous definition of 'OPENSSL_EXPORT'
  (compiling source file ..\third_party\boringssl\crypto\bio\pair.c)
..\third_party\boringssl\crypto\bio\hexdump.c(72): error C2059: syntax error: ';' [C:\Users\Marcin\AppData\Roaming\npm\
node_modules\firebase-tools\node_modules\grpc\build\boringssl.vcxproj]
..\third_party\boringssl\crypto\bio\bio.c(284): error C2143: syntax error: missing '{' before 'constant' [C:\Users\Marc
in\AppData\Roaming\npm\node_modules\firebase-tools\node_modules\grpc\build\boringssl.vcxproj]
C:\Users\Marcin\AppData\Roaming\npm\node_modules\firebase-tools\node_modules\grpc\third_party\boringssl\include\openssl
/mem.h(96): warning C4028: formal parameter 2 different from declaration (compiling source file ..\third_party\boringss
l\crypto\bio\file.c) [C:\Users\Marcin\AppData\Roaming\npm\node_modules\firebase-tools\node_modules\grpc\build\boringssl
.vcxproj]
C:\Users\Marcin\AppData\Roaming\npm\node_modules\firebase-tools\node_modules\grpc\third_party\boringssl\include\openssl
/base.h(176): error C2371: 'CRYPTO_THREADID': redefinition; different basic types (compiling source file ..\third_party
\boringssl\crypto\bio\pair.c)..\third_party\boringssl\crypto\bio\hexdump.c(72): error C2059: syntax error: ')' [C:\User
s\Marcin\AppData\Roaming\npm\node_modules\firebase-tools\node_modules\grpc\build\boringssl.vcxproj]

  C:\Users\Marcin\.node-gyp\8.9.4\include\node\openssl/crypto.h(451): note: see declaration of 'CRYPTO_THREADID' (compi
  ling source file ..\third_party\boringssl\crypto\bio\pair.c)..\third_party\boringssl\crypto\bio\bio.c(284): error C20
  59: syntax error: 'constant'

C:\Users\Marcin\AppData\Roaming\npm\node_modules\firebase-tools\node_modules\grpc\third_party\boringssl\include\openssl
/mem.h(102): error C2143: syntax error: missing ')' before '(' (compiling source file ..\third_party\boringssl\crypto\b
io\file.c) [C:\Users\Marcin\AppData\Roaming\npm\node_modules\firebase-tools\node_modules\grpc\build\boringssl.vcxproj]
..\third_party\boringssl\crypto\bio\hexdump.c(72): error C2449: found '{' at file scope (missing function header?) [C:\
Users\Marcin\AppData\Roaming\npm\node_modules\firebase-tools\node_modules\grpc\build\boringssl.vcxproj]
..\third_party\boringssl\crypto\bio\bio.c(284): error C2059: syntax error: ')' [C:\Users\Marcin\AppData\Roaming\npm\nod
e_modules\firebase-tools\node_modules\grpc\build\boringssl.vcxproj]
C:\Users\Marcin\AppData\Roaming\npm\node_modules\firebase-tools\node_modules\grpc\third_party\boringssl\include\openssl
/base.h(249): error C2371: 'ECDSA_METHOD': redefinition; different basic types (compiling source file ..\third_party\bo
ringssl\crypto\bio\pair.c) [C:\Users\Marcin\AppData\Roaming\npm\node_modules\firebase-tools\node_modules\grpc\build\bor
ingssl.vcxproj]
C:\Users\Marcin\AppData\Roaming\npm\node_modules\firebase-tools\node_modules\grpc\third_party\boringssl\include\openssl
/mem.h(102): error C2059: syntax error: ')' (compiling source file ..\third_party\boringssl\crypto\bio\file.c) [C:\User
s\Marcin\AppData\Roaming\npm\node_modules\firebase-tools\node_modules\grpc\build\boringssl.vcxproj]
  C:\Users\Marcin\.node-gyp\8.9.4\include\node\openssl/ossl_typ.h(152): note: see declaration of 'ECDSA_METHOD' (compil
  ing source file ..\third_party\boringssl\crypto\bio\pair.c)
..\third_party\boringssl\crypto\bio\hexdump.c(76): error C2059: syntax error: '}' [C:\Users\Marcin\AppData\Roaming\npm\
node_modules\firebase-tools\node_modules\grpc\build\boringssl.vcxproj]
C:\Users\Marcin\AppData\Roaming\npm\node_modules\firebase-tools\node_modules\grpc\third_party\boringssl\include\openssl
/mem.h(102): error C2059: syntax error: 'string' (compiling source file ..\third_party\boringssl\crypto\bio\file.c) [C:
\Users\Marcin\AppData\Roaming\npm\node_modules\firebase-tools\node_modules\grpc\build\boringssl.vcxproj]
..\third_party\boringssl\crypto\bio\hexdump.c(86): error C2143: syntax error: missing ')' before '*' [C:\Users\Marcin\A
ppData\Roaming\npm\node_modules\firebase-tools\node_modules\grpc\build\boringssl.vcxproj]
..\third_party\boringssl\crypto\bio\bio.c(290): error C2059: syntax error: '(' [C:\Users\Marcin\AppData\Roaming\npm\nod
e_modules\firebase-tools\node_modules\grpc\build\boringssl.vcxproj]
C:\Users\Marcin\AppData\Roaming\npm\node_modules\firebase-tools\node_modules\grpc\third_party\boringssl\include\openssl
/mem.h(102): error C2059: syntax error: 'constant' (compiling source file ..\third_party\boringssl\crypto\bio\file.c) [
C:\Users\Marcin\AppData\Roaming\npm\node_modules\firebase-tools\node_modules\grpc\build\boringssl.vcxproj]
..\third_party\boringssl\crypto\bio\hexdump.c(86): error C2143: syntax error: missing '{' before '*' [C:\Users\Marcin\A
ppData\Roaming\npm\node_modules\firebase-tools\node_modules\grpc\build\boringssl.vcxproj]
C:\Users\Marcin\AppData\Roaming\npm\node_modules\firebase-tools\node_modules\grpc\third_party\boringssl\include\openssl
/mem.h(78): warning C4005: 'OPENSSL_malloc': macro redefinition (compiling source file ..\third_party\boringssl\crypto\
bio\pair.c) [C:\Users\Marcin\AppData\Roaming\npm\node_modules\firebase-tools\node_modules\grpc\build\boringssl.vcxproj]
  C:\Users\Marcin\.node-gyp\8.9.4\include\node\openssl/crypto.h(381): note: see previous definition of 'OPENSSL_malloc'
   (compiling source file ..\third_party\boringssl\crypto\bio\pair.c)
..\third_party\boringssl\crypto\bio\bio.c(290): error C2143: syntax error: missing ')' before '(' [C:\Users\Marcin\AppD
ata\Roaming\npm\node_modules\firebase-tools\node_modules\grpc\build\boringssl.vcxproj]
..\third_party\boringssl\crypto\bio\hexdump.c(87): error C2371: 'size_t': redefinition; different basic types [C:\Users
\Marcin\AppData\Roaming\npm\node_modules\firebase-tools\node_modules\grpc\build\boringssl.vcxproj]
C:\Users\Marcin\AppData\Roaming\npm\node_modules\firebase-tools\node_modules\grpc\third_party\boringssl\include\openssl
/mem.h(79): warning C4005: 'OPENSSL_realloc': macro redefinition (compiling source file ..\third_party\boringssl\crypto
\bio\pair.c) [C:\Users\Marcin\AppData\Roaming\npm\node_modules\firebase-tools\node_modules\grpc\build\boringssl.vcxproj
]
  ..\third_party\boringssl\crypto\bio\hexdump.c: note: see declaration of 'size_t'C:\Users\Marcin\.node-gyp\8.9.4\inclu
  de\node\openssl/crypto.h(384): note: see previous definition of 'OPENSSL_realloc' (compiling source file ..\third_par
  ty\boringssl\crypto\bio\pair.c)